<?xml version="1.0" encoding="UTF-8"?>
<testsuite name="KotlinTest" tests="1" skipped="0" failures="0" errors="0" time="0.056" hostname="wifialu25-87.wi-fi.upv.es" timestamp="2018-06-28T16:19:28">
<properties>
[...]
</properties>
<testcase name="arrowPositiveMax should return always positive number between 0 and n" classname="com.cotel.littlethaigenerator.RandomTest" time="0.03">
<system-out><![CDATA[
unique-id: [engine:kotlintest]/[spec:RandomTest]/[test:arrowPositiveMax should return always positive number between 0 and n]
display-name: arrowPositiveMax should return always positive number between 0 and n
]]></system-out>
</testcase>
<system-out><![CDATA[
unique-id: [engine:kotlintest]
display-name: KotlinTest
]]></system-out>
</testsuite>
